mode: count
github.com/davrodpin/mole/alias/address_input.go:23.40,25.19 2 1
github.com/davrodpin/mole/alias/address_input.go:31.2,31.10 1 1
github.com/davrodpin/mole/alias/address_input.go:25.19,27.3 1 0
github.com/davrodpin/mole/alias/address_input.go:27.8,29.3 1 1
github.com/davrodpin/mole/alias/address_input.go:35.49,42.2 5 2
github.com/davrodpin/mole/alias/address_input.go:45.39,47.2 1 0
github.com/davrodpin/mole/alias/address_input.go:51.41,52.19 1 3
github.com/davrodpin/mole/alias/address_input.go:56.2,56.53 1 2
github.com/davrodpin/mole/alias/address_input.go:52.19,54.3 1 1
github.com/davrodpin/mole/alias/address_input.go:59.55,62.40 3 2
github.com/davrodpin/mole/alias/address_input.go:70.2,70.15 1 2
github.com/davrodpin/mole/alias/address_input.go:62.40,63.13 1 8
github.com/davrodpin/mole/alias/address_input.go:67.3,67.26 1 6
github.com/davrodpin/mole/alias/address_input.go:63.13,64.12 1 2
github.com/davrodpin/mole/alias/address_input.go:77.44,80.23 2 1
github.com/davrodpin/mole/alias/address_input.go:84.2,84.31 1 1
github.com/davrodpin/mole/alias/address_input.go:80.23,82.3 1 1
github.com/davrodpin/mole/alias/address_input.go:89.53,93.16 3 1
github.com/davrodpin/mole/alias/address_input.go:97.2,99.12 2 1
github.com/davrodpin/mole/alias/address_input.go:93.16,95.3 1 0
github.com/davrodpin/mole/alias/address_input.go:103.43,105.2 1 0
github.com/davrodpin/mole/alias/address_input.go:109.44,112.23 2 0
github.com/davrodpin/mole/alias/address_input.go:116.2,116.11 1 0
github.com/davrodpin/mole/alias/address_input.go:112.23,114.3 1 0
github.com/davrodpin/mole/alias/alias.go:36.32,54.2 1 0
github.com/davrodpin/mole/alias/alias.go:57.30,59.16 2 1
github.com/davrodpin/mole/alias/alias.go:63.2,66.16 3 1
github.com/davrodpin/mole/alias/alias.go:69.2,73.39 3 1
github.com/davrodpin/mole/alias/alias.go:77.2,77.12 1 1
github.com/davrodpin/mole/alias/alias.go:59.16,61.3 1 0
github.com/davrodpin/mole/alias/alias.go:66.16,68.3 1 0
github.com/davrodpin/mole/alias/alias.go:73.39,75.3 1 0
github.com/davrodpin/mole/alias/alias.go:81.33,84.16 2 1
github.com/davrodpin/mole/alias/alias.go:88.2,90.48 2 1
github.com/davrodpin/mole/alias/alias.go:94.2,95.16 2 1
github.com/davrodpin/mole/alias/alias.go:99.2,99.12 1 1
github.com/davrodpin/mole/alias/alias.go:84.16,86.3 1 0
github.com/davrodpin/mole/alias/alias.go:90.48,92.3 1 0
github.com/davrodpin/mole/alias/alias.go:95.16,97.3 1 0
github.com/davrodpin/mole/alias/alias.go:103.45,105.16 2 1
github.com/davrodpin/mole/alias/alias.go:109.2,112.35 3 1
github.com/davrodpin/mole/alias/alias.go:116.2,116.30 1 1
github.com/davrodpin/mole/alias/alias.go:105.16,107.3 1 0
github.com/davrodpin/mole/alias/alias.go:112.35,114.3 1 0
github.com/davrodpin/mole/alias/alias.go:120.32,122.16 2 1
github.com/davrodpin/mole/alias/alias.go:126.2,129.79 3 1
github.com/davrodpin/mole/alias/alias.go:145.2,145.16 1 1
github.com/davrodpin/mole/alias/alias.go:149.2,153.41 3 1
github.com/davrodpin/mole/alias/alias.go:157.2,157.27 1 1
github.com/davrodpin/mole/alias/alias.go:122.16,124.3 1 0
github.com/davrodpin/mole/alias/alias.go:129.79,130.20 1 3
github.com/davrodpin/mole/alias/alias.go:143.3,143.13 1 3
github.com/davrodpin/mole/alias/alias.go:130.20,132.22 2 2
github.com/davrodpin/mole/alias/alias.go:132.22,136.19 4 2
github.com/davrodpin/mole/alias/alias.go:140.5,140.34 1 2
github.com/davrodpin/mole/alias/alias.go:136.19,138.6 1 0
github.com/davrodpin/mole/alias/alias.go:145.16,147.3 1 0
github.com/davrodpin/mole/alias/alias.go:153.41,155.3 1 0
github.com/davrodpin/mole/alias/alias.go:161.44,163.16 2 4
github.com/davrodpin/mole/alias/alias.go:167.2,169.46 2 4
github.com/davrodpin/mole/alias/alias.go:173.2,174.49 2 4
github.com/davrodpin/mole/alias/alias.go:177.2,179.15 2 4
github.com/davrodpin/mole/alias/alias.go:163.16,165.3 1 0
github.com/davrodpin/mole/alias/alias.go:169.46,171.3 1 0
github.com/davrodpin/mole/alias/alias.go:174.49,176.3 1 0
github.com/davrodpin/mole/rpc/rpc.go:23.46,26.19 2 1
github.com/davrodpin/mole/rpc/rpc.go:30.2,31.16 2 1
github.com/davrodpin/mole/rpc/rpc.go:35.2,38.12 3 1
github.com/davrodpin/mole/rpc/rpc.go:49.2,49.24 1 1
github.com/davrodpin/mole/rpc/rpc.go:26.19,28.3 1 0
github.com/davrodpin/mole/rpc/rpc.go:31.16,33.3 1 0
github.com/davrodpin/mole/rpc/rpc.go:38.12,39.7 1 1
github.com/davrodpin/mole/rpc/rpc.go:39.7,41.18 2 4
github.com/davrodpin/mole/rpc/rpc.go:44.4,45.36 2 3
github.com/davrodpin/mole/rpc/rpc.go:41.18,43.5 1 0
github.com/davrodpin/mole/rpc/rpc.go:57.91,64.54 2 3
github.com/davrodpin/mole/rpc/rpc.go:80.2,81.16 2 2
github.com/davrodpin/mole/rpc/rpc.go:101.2,103.16 3 2
github.com/davrodpin/mole/rpc/rpc.go:123.2,123.16 1 1
github.com/davrodpin/mole/rpc/rpc.go:64.54,67.17 2 1
github.com/davrodpin/mole/rpc/rpc.go:77.3,77.9 1 1
github.com/davrodpin/mole/rpc/rpc.go:67.17,75.4 3 1
github.com/davrodpin/mole/rpc/rpc.go:81.16,88.17 2 0
github.com/davrodpin/mole/rpc/rpc.go:98.3,98.9 1 0
github.com/davrodpin/mole/rpc/rpc.go:88.17,96.4 3 0
github.com/davrodpin/mole/rpc/rpc.go:103.16,110.17 2 1
github.com/davrodpin/mole/rpc/rpc.go:120.3,120.9 1 1
github.com/davrodpin/mole/rpc/rpc.go:110.17,118.4 3 1
github.com/davrodpin/mole/rpc/rpc.go:123.16,127.3 2 1
github.com/davrodpin/mole/rpc/rpc.go:131.43,133.2 1 2
github.com/davrodpin/mole/rpc/rpc.go:140.105,142.16 2 3
github.com/davrodpin/mole/rpc/rpc.go:146.2,152.16 6 3
github.com/davrodpin/mole/rpc/rpc.go:156.2,156.15 1 3
github.com/davrodpin/mole/rpc/rpc.go:142.16,144.3 1 0
github.com/davrodpin/mole/rpc/rpc.go:152.16,154.3 1 0
github.com/davrodpin/mole/rpc/rpc.go:159.115,160.53 1 3
github.com/davrodpin/mole/rpc/rpc.go:170.2,176.12 2 3
github.com/davrodpin/mole/rpc/rpc.go:160.53,168.3 2 0
github.com/davrodpin/mole/mole/app.go:39.64,40.14 1 2
github.com/davrodpin/mole/mole/app.go:44.2,45.16 2 2
github.com/davrodpin/mole/mole/app.go:49.2,50.16 2 2
github.com/davrodpin/mole/mole/app.go:54.2,54.48 1 2
github.com/davrodpin/mole/mole/app.go:68.2,69.16 2 1
github.com/davrodpin/mole/mole/app.go:72.2,76.16 4 1
github.com/davrodpin/mole/mole/app.go:80.2,81.16 2 1
github.com/davrodpin/mole/mole/app.go:84.2,90.8 2 1
github.com/davrodpin/mole/mole/app.go:40.14,42.3 1 0
github.com/davrodpin/mole/mole/app.go:45.16,47.3 1 0
github.com/davrodpin/mole/mole/app.go:50.16,52.3 1 0
github.com/davrodpin/mole/mole/app.go:54.48,56.17 2 1
github.com/davrodpin/mole/mole/app.go:60.3,62.16 2 1
github.com/davrodpin/mole/mole/app.go:56.17,58.4 1 0
github.com/davrodpin/mole/mole/app.go:62.16,64.4 1 1
github.com/davrodpin/mole/mole/app.go:69.16,71.3 1 0
github.com/davrodpin/mole/mole/app.go:76.16,78.3 1 0
github.com/davrodpin/mole/mole/app.go:81.16,83.3 1 0
github.com/davrodpin/mole/mole/app.go:95.52,97.16 2 2
github.com/davrodpin/mole/mole/app.go:101.2,103.17 2 2
github.com/davrodpin/mole/mole/app.go:97.16,99.3 1 0
github.com/davrodpin/mole/mole/app.go:108.52,110.16 2 3
github.com/davrodpin/mole/mole/app.go:114.2,116.17 2 3
github.com/davrodpin/mole/mole/app.go:110.16,112.3 1 0
github.com/davrodpin/mole/mole/app.go:120.45,122.16 2 1
github.com/davrodpin/mole/mole/app.go:126.2,127.16 2 1
github.com/davrodpin/mole/mole/app.go:130.2,130.28 1 1
github.com/davrodpin/mole/mole/app.go:134.2,134.12 1 1
github.com/davrodpin/mole/mole/app.go:122.16,124.3 1 0
github.com/davrodpin/mole/mole/app.go:127.16,129.3 1 0
github.com/davrodpin/mole/mole/app.go:130.28,132.3 1 3
github.com/davrodpin/mole/mole/app.go:138.65,140.16 2 0
github.com/davrodpin/mole/mole/app.go:144.2,147.16 3 0
github.com/davrodpin/mole/mole/app.go:151.2,152.16 2 0
github.com/davrodpin/mole/mole/app.go:156.2,157.16 2 0
github.com/davrodpin/mole/mole/app.go:161.2,161.23 1 0
github.com/davrodpin/mole/mole/app.go:140.16,142.3 1 0
github.com/davrodpin/mole/mole/app.go:147.16,149.3 1 0
github.com/davrodpin/mole/mole/app.go:152.16,154.3 1 0
github.com/davrodpin/mole/mole/app.go:157.16,159.3 1 0
github.com/davrodpin/mole/mole/mole.go:45.61,65.2 1 0
github.com/davrodpin/mole/mole/mole.go:73.39,75.2 1 0
github.com/davrodpin/mole/mole/mole.go:79.32,84.19 2 0
github.com/davrodpin/mole/mole/mole.go:111.2,111.21 1 0
github.com/davrodpin/mole/mole/mole.go:115.2,115.20 1 0
github.com/davrodpin/mole/mole/mole.go:119.2,120.16 2 0
github.com/davrodpin/mole/mole/mole.go:128.2,129.16 2 0
github.com/davrodpin/mole/mole/mole.go:149.2,150.16 2 0
github.com/davrodpin/mole/mole/mole.go:155.2,158.54 3 0
github.com/davrodpin/mole/mole/mole.go:166.2,166.16 1 0
github.com/davrodpin/mole/mole/mole.go:171.2,174.34 3 0
github.com/davrodpin/mole/mole/mole.go:178.2,179.39 2 0
github.com/davrodpin/mole/mole/mole.go:188.2,189.16 2 0
github.com/davrodpin/mole/mole/mole.go:199.2,203.33 4 0
github.com/davrodpin/mole/mole/mole.go:211.2,211.12 1 0
github.com/davrodpin/mole/mole/mole.go:84.19,87.22 2 0
github.com/davrodpin/mole/mole/mole.go:95.3,96.17 2 0
github.com/davrodpin/mole/mole/mole.go:101.3,102.17 2 0
github.com/davrodpin/mole/mole/mole.go:87.22,89.18 2 0
github.com/davrodpin/mole/mole/mole.go:92.4,92.30 1 0
github.com/davrodpin/mole/mole/mole.go:89.18,91.5 1 0
github.com/davrodpin/mole/mole/mole.go:96.17,99.4 2 0
github.com/davrodpin/mole/mole/mole.go:102.17,108.4 2 0
github.com/davrodpin/mole/mole/mole.go:111.21,113.3 1 0
github.com/davrodpin/mole/mole/mole.go:115.20,117.3 1 0
github.com/davrodpin/mole/mole/mole.go:120.16,126.3 2 0
github.com/davrodpin/mole/mole/mole.go:129.16,131.17 2 0
github.com/davrodpin/mole/mole/mole.go:135.3,138.17 3 0
github.com/davrodpin/mole/mole/mole.go:146.3,146.50 1 0
github.com/davrodpin/mole/mole/mole.go:131.17,133.4 1 0
github.com/davrodpin/mole/mole/mole.go:138.17,144.4 2 0
github.com/davrodpin/mole/mole/mole.go:150.16,153.3 2 0
github.com/davrodpin/mole/mole/mole.go:158.54,164.3 5 0
github.com/davrodpin/mole/mole/mole.go:166.16,169.3 2 0
github.com/davrodpin/mole/mole/mole.go:174.34,176.3 1 0
github.com/davrodpin/mole/mole/mole.go:179.39,180.19 1 0
github.com/davrodpin/mole/mole/mole.go:185.3,185.30 1 0
github.com/davrodpin/mole/mole/mole.go:180.19,183.4 2 0
github.com/davrodpin/mole/mole/mole.go:189.16,192.3 2 0
github.com/davrodpin/mole/mole/mole.go:203.33,209.3 2 0
github.com/davrodpin/mole/mole/mole.go:215.31,217.16 2 0
github.com/davrodpin/mole/mole/mole.go:221.2,221.48 1 0
github.com/davrodpin/mole/mole/mole.go:225.2,230.16 3 0
github.com/davrodpin/mole/mole/mole.go:234.2,235.16 2 0
github.com/davrodpin/mole/mole/mole.go:239.2,240.16 2 0
github.com/davrodpin/mole/mole/mole.go:244.2,244.12 1 0
github.com/davrodpin/mole/mole/mole.go:217.16,219.3 1 0
github.com/davrodpin/mole/mole/mole.go:221.48,223.3 1 0
github.com/davrodpin/mole/mole/mole.go:230.16,232.3 1 0
github.com/davrodpin/mole/mole/mole.go:235.16,237.3 1 0
github.com/davrodpin/mole/mole/mole.go:240.16,242.3 1 0
github.com/davrodpin/mole/mole/mole.go:252.75,257.27 3 2
github.com/davrodpin/mole/mole/mole.go:261.2,261.28 1 2
github.com/davrodpin/mole/mole/mole.go:265.2,265.26 1 2
github.com/davrodpin/mole/mole/mole.go:269.2,273.32 4 2
github.com/davrodpin/mole/mole/mole.go:279.2,282.37 3 2
github.com/davrodpin/mole/mole/mole.go:288.2,292.16 4 2
github.com/davrodpin/mole/mole/mole.go:295.2,300.16 4 2
github.com/davrodpin/mole/mole/mole.go:303.2,308.16 4 2
github.com/davrodpin/mole/mole/mole.go:311.2,316.16 4 2
github.com/davrodpin/mole/mole/mole.go:319.2,327.12 5 2
github.com/davrodpin/mole/mole/mole.go:257.27,259.3 1 1
github.com/davrodpin/mole/mole/mole.go:261.28,263.3 1 1
github.com/davrodpin/mole/mole/mole.go:265.26,267.3 1 1
github.com/davrodpin/mole/mole/mole.go:273.32,275.17 2 2
github.com/davrodpin/mole/mole/mole.go:275.17,277.4 1 0
github.com/davrodpin/mole/mole/mole.go:282.37,284.17 2 2
github.com/davrodpin/mole/mole/mole.go:284.17,286.4 1 0
github.com/davrodpin/mole/mole/mole.go:292.16,294.3 1 0
github.com/davrodpin/mole/mole/mole.go:300.16,302.3 1 0
github.com/davrodpin/mole/mole/mole.go:308.16,310.3 1 0
github.com/davrodpin/mole/mole/mole.go:316.16,318.3 1 0
github.com/davrodpin/mole/mole/mole.go:330.63,341.16 3 0
github.com/davrodpin/mole/mole/mole.go:345.2,345.14 1 0
github.com/davrodpin/mole/mole/mole.go:361.2,363.12 2 0
github.com/davrodpin/mole/mole/mole.go:341.16,343.3 1 0
github.com/davrodpin/mole/mole/mole.go:345.14,347.17 2 0
github.com/davrodpin/mole/mole/mole.go:351.3,352.17 2 0
github.com/davrodpin/mole/mole/mole.go:356.3,358.13 2 0
github.com/davrodpin/mole/mole/mole.go:347.17,349.4 1 0
github.com/davrodpin/mole/mole/mole.go:352.17,354.4 1 0
github.com/davrodpin/mole/mole/mole.go:368.42,369.23 1 6
github.com/davrodpin/mole/mole/mole.go:375.2,375.14 1 3
github.com/davrodpin/mole/mole/mole.go:369.23,370.16 1 6
github.com/davrodpin/mole/mole/mole.go:370.16,372.4 1 3
github.com/davrodpin/mole/tunnel/config.go:23.66,24.43 1 11
github.com/davrodpin/mole/tunnel/config.go:33.2,34.16 2 11
github.com/davrodpin/mole/tunnel/config.go:38.2,39.16 2 11
github.com/davrodpin/mole/tunnel/config.go:43.2,45.44 2 11
github.com/davrodpin/mole/tunnel/config.go:24.43,26.17 2 0
github.com/davrodpin/mole/tunnel/config.go:30.3,30.61 1 0
github.com/davrodpin/mole/tunnel/config.go:26.17,28.4 1 0
github.com/davrodpin/mole/tunnel/config.go:34.16,36.3 1 0
github.com/davrodpin/mole/tunnel/config.go:39.16,41.3 1 0
github.com/davrodpin/mole/tunnel/config.go:48.47,51.2 2 0
github.com/davrodpin/mole/tunnel/config.go:56.50,60.16 3 16
github.com/davrodpin/mole/tunnel/config.go:64.2,65.16 2 16
github.com/davrodpin/mole/tunnel/config.go:69.2,70.16 2 16
github.com/davrodpin/mole/tunnel/config.go:74.2,75.16 2 16
github.com/davrodpin/mole/tunnel/config.go:79.2,82.16 3 16
github.com/davrodpin/mole/tunnel/config.go:86.2,94.3 1 16
github.com/davrodpin/mole/tunnel/config.go:60.16,62.3 1 0
github.com/davrodpin/mole/tunnel/config.go:65.16,67.3 1 0
github.com/davrodpin/mole/tunnel/config.go:70.16,72.3 1 0
github.com/davrodpin/mole/tunnel/config.go:75.16,77.3 1 0
github.com/davrodpin/mole/tunnel/config.go:82.16,84.3 1 0
github.com/davrodpin/mole/tunnel/config.go:97.56,99.16 2 16
github.com/davrodpin/mole/tunnel/config.go:103.2,103.17 1 16
github.com/davrodpin/mole/tunnel/config.go:99.16,101.3 1 0
github.com/davrodpin/mole/tunnel/config.go:106.85,108.16 2 32
github.com/davrodpin/mole/tunnel/config.go:112.2,112.13 1 32
github.com/davrodpin/mole/tunnel/config.go:116.2,118.16 2 5
github.com/davrodpin/mole/tunnel/config.go:122.2,125.36 3 5
github.com/davrodpin/mole/tunnel/config.go:129.2,129.52 1 5
github.com/davrodpin/mole/tunnel/config.go:133.2,133.70 1 5
github.com/davrodpin/mole/tunnel/config.go:108.16,110.3 1 0
github.com/davrodpin/mole/tunnel/config.go:112.13,114.3 1 27
github.com/davrodpin/mole/tunnel/config.go:118.16,120.3 1 0
github.com/davrodpin/mole/tunnel/config.go:125.36,127.3 1 0
github.com/davrodpin/mole/tunnel/config.go:129.52,131.3 1 4
github.com/davrodpin/mole/tunnel/config.go:137.51,140.16 2 16
github.com/davrodpin/mole/tunnel/config.go:144.2,144.14 1 16
github.com/davrodpin/mole/tunnel/config.go:152.2,152.11 1 11
github.com/davrodpin/mole/tunnel/config.go:140.16,142.3 1 0
github.com/davrodpin/mole/tunnel/config.go:144.14,145.33 1 5
github.com/davrodpin/mole/tunnel/config.go:149.3,149.12 1 1
github.com/davrodpin/mole/tunnel/config.go:145.33,147.4 1 4
github.com/davrodpin/mole/tunnel/config.go:167.34,169.2 1 0
github.com/davrodpin/mole/tunnel/config.go:179.40,181.2 1 0
github.com/davrodpin/mole/tunnel/key.go:29.61,31.16 2 14
github.com/davrodpin/mole/tunnel/key.go:35.2,37.22 2 14
github.com/davrodpin/mole/tunnel/key.go:41.2,41.15 1 14
github.com/davrodpin/mole/tunnel/key.go:31.16,33.3 1 0
github.com/davrodpin/mole/tunnel/key.go:37.22,39.3 1 2
github.com/davrodpin/mole/tunnel/key.go:46.45,48.16 2 14
github.com/davrodpin/mole/tunnel/key.go:52.2,52.41 1 14
github.com/davrodpin/mole/tunnel/key.go:48.16,50.3 1 0
github.com/davrodpin/mole/tunnel/key.go:57.46,61.16 3 8
github.com/davrodpin/mole/tunnel/key.go:65.2,65.9 1 8
github.com/davrodpin/mole/tunnel/key.go:81.2,81.20 1 8
github.com/davrodpin/mole/tunnel/key.go:61.16,63.3 1 0
github.com/davrodpin/mole/tunnel/key.go:65.9,66.26 1 1
github.com/davrodpin/mole/tunnel/key.go:70.3,71.17 2 1
github.com/davrodpin/mole/tunnel/key.go:66.26,68.4 1 0
github.com/davrodpin/mole/tunnel/key.go:71.17,73.4 1 0
github.com/davrodpin/mole/tunnel/key.go:74.8,76.17 2 7
github.com/davrodpin/mole/tunnel/key.go:76.17,78.4 1 0
github.com/davrodpin/mole/tunnel/key.go:86.73,88.16 2 2
github.com/davrodpin/mole/tunnel/key.go:92.2,92.10 1 2
github.com/davrodpin/mole/tunnel/key.go:96.2,97.16 2 1
github.com/davrodpin/mole/tunnel/key.go:101.2,103.12 2 1
github.com/davrodpin/mole/tunnel/key.go:88.16,90.3 1 0
github.com/davrodpin/mole/tunnel/key.go:92.10,94.3 1 1
github.com/davrodpin/mole/tunnel/key.go:97.16,99.3 1 0
github.com/davrodpin/mole/tunnel/key.go:106.46,107.25 1 6
github.com/davrodpin/mole/tunnel/key.go:111.2,111.17 1 6
github.com/davrodpin/mole/tunnel/key.go:116.2,116.48 1 5
github.com/davrodpin/mole/tunnel/key.go:107.25,109.3 1 2
github.com/davrodpin/mole/tunnel/key.go:111.17,114.3 2 1
github.com/davrodpin/mole/tunnel/key.go:119.52,122.28 2 14
github.com/davrodpin/mole/tunnel/key.go:126.2,126.17 1 14
github.com/davrodpin/mole/tunnel/key.go:130.2,130.15 1 14
github.com/davrodpin/mole/tunnel/key.go:122.28,124.3 1 0
github.com/davrodpin/mole/tunnel/key.go:126.17,128.3 1 0
github.com/davrodpin/mole/tunnel/tunnel.go:43.79,49.33 5 10
github.com/davrodpin/mole/tunnel/tunnel.go:55.2,56.16 2 10
github.com/davrodpin/mole/tunnel/tunnel.go:63.2,63.36 1 10
github.com/davrodpin/mole/tunnel/tunnel.go:67.2,74.16 7 10
github.com/davrodpin/mole/tunnel/tunnel.go:78.2,78.20 1 9
github.com/davrodpin/mole/tunnel/tunnel.go:82.2,82.16 1 9
github.com/davrodpin/mole/tunnel/tunnel.go:86.2,86.16 1 9
github.com/davrodpin/mole/tunnel/tunnel.go:90.2,90.15 1 9
github.com/davrodpin/mole/tunnel/tunnel.go:99.2,100.16 2 9
github.com/davrodpin/mole/tunnel/tunnel.go:104.2,104.38 1 9
github.com/davrodpin/mole/tunnel/tunnel.go:108.2,114.8 1 9
github.com/davrodpin/mole/tunnel/tunnel.go:49.33,53.3 3 7
github.com/davrodpin/mole/tunnel/tunnel.go:56.16,57.38 1 0
github.com/davrodpin/mole/tunnel/tunnel.go:57.38,59.4 1 0
github.com/davrodpin/mole/tunnel/tunnel.go:63.36,65.3 1 0
github.com/davrodpin/mole/tunnel/tunnel.go:74.16,76.3 1 1
github.com/davrodpin/mole/tunnel/tunnel.go:78.20,80.3 1 0
github.com/davrodpin/mole/tunnel/tunnel.go:82.16,84.3 1 0
github.com/davrodpin/mole/tunnel/tunnel.go:86.16,88.3 1 0
github.com/davrodpin/mole/tunnel/tunnel.go:90.15,92.17 2 5
github.com/davrodpin/mole/tunnel/tunnel.go:96.3,96.46 1 5
github.com/davrodpin/mole/tunnel/tunnel.go:92.17,94.4 1 0
github.com/davrodpin/mole/tunnel/tunnel.go:100.16,102.3 1 0
github.com/davrodpin/mole/tunnel/tunnel.go:104.38,106.3 1 0
github.com/davrodpin/mole/tunnel/tunnel.go:118.33,120.2 1 1
github.com/davrodpin/mole/tunnel/tunnel.go:131.62,135.24 3 7
github.com/davrodpin/mole/tunnel/tunnel.go:155.2,155.12 1 7
github.com/davrodpin/mole/tunnel/tunnel.go:135.24,136.32 1 6
github.com/davrodpin/mole/tunnel/tunnel.go:144.3,144.17 1 6
github.com/davrodpin/mole/tunnel/tunnel.go:148.3,152.32 2 6
github.com/davrodpin/mole/tunnel/tunnel.go:136.32,138.4 1 5
github.com/davrodpin/mole/tunnel/tunnel.go:138.9,138.40 1 1
github.com/davrodpin/mole/tunnel/tunnel.go:138.40,140.4 1 1
github.com/davrodpin/mole/tunnel/tunnel.go:140.9,142.4 1 0
github.com/davrodpin/mole/tunnel/tunnel.go:144.17,146.4 1 0
github.com/davrodpin/mole/tunnel/tunnel.go:159.38,162.53 2 13
github.com/davrodpin/mole/tunnel/tunnel.go:166.2,166.12 1 6
github.com/davrodpin/mole/tunnel/tunnel.go:162.53,164.3 1 1
github.com/davrodpin/mole/tunnel/tunnel.go:170.38,172.2 1 0
github.com/davrodpin/mole/tunnel/tunnel.go:204.107,209.16 4 5
github.com/davrodpin/mole/tunnel/tunnel.go:213.2,213.35 1 5
github.com/davrodpin/mole/tunnel/tunnel.go:219.2,227.8 1 5
github.com/davrodpin/mole/tunnel/tunnel.go:209.16,211.3 1 0
github.com/davrodpin/mole/tunnel/tunnel.go:213.35,214.56 1 6
github.com/davrodpin/mole/tunnel/tunnel.go:214.56,216.4 1 0
github.com/davrodpin/mole/tunnel/tunnel.go:232.32,237.6 3 5
github.com/davrodpin/mole/tunnel/tunnel.go:237.6,238.10 1 6
github.com/davrodpin/mole/tunnel/tunnel.go:239.29,240.18 1 1
github.com/davrodpin/mole/tunnel/tunnel.go:250.24,251.23 1 5
github.com/davrodpin/mole/tunnel/tunnel.go:256.4,256.14 1 5
github.com/davrodpin/mole/tunnel/tunnel.go:240.18,249.5 5 1
github.com/davrodpin/mole/tunnel/tunnel.go:251.23,254.5 2 5
github.com/davrodpin/mole/tunnel/tunnel.go:262.33,263.32 1 6
github.com/davrodpin/mole/tunnel/tunnel.go:269.2,269.12 1 6
github.com/davrodpin/mole/tunnel/tunnel.go:263.32,264.45 1 7
github.com/davrodpin/mole/tunnel/tunnel.go:264.45,266.4 1 0
github.com/davrodpin/mole/tunnel/tunnel.go:272.58,276.16 3 13
github.com/davrodpin/mole/tunnel/tunnel.go:280.2,284.21 2 6
github.com/davrodpin/mole/tunnel/tunnel.go:288.2,290.23 2 6
github.com/davrodpin/mole/tunnel/tunnel.go:298.2,298.16 1 6
github.com/davrodpin/mole/tunnel/tunnel.go:302.2,310.12 4 6
github.com/davrodpin/mole/tunnel/tunnel.go:276.16,278.3 1 1
github.com/davrodpin/mole/tunnel/tunnel.go:284.21,286.3 1 0
github.com/davrodpin/mole/tunnel/tunnel.go:290.23,292.3 1 6
github.com/davrodpin/mole/tunnel/tunnel.go:292.8,292.31 1 0
github.com/davrodpin/mole/tunnel/tunnel.go:292.31,294.3 1 0
github.com/davrodpin/mole/tunnel/tunnel.go:294.8,296.3 1 0
github.com/davrodpin/mole/tunnel/tunnel.go:298.16,300.3 1 0
github.com/davrodpin/mole/tunnel/tunnel.go:314.24,316.2 1 5
github.com/davrodpin/mole/tunnel/tunnel.go:319.33,321.2 1 0
github.com/davrodpin/mole/tunnel/tunnel.go:323.31,324.21 1 6
github.com/davrodpin/mole/tunnel/tunnel.go:328.2,329.16 2 6
github.com/davrodpin/mole/tunnel/tunnel.go:333.2,334.6 2 6
github.com/davrodpin/mole/tunnel/tunnel.go:364.2,366.29 2 6
github.com/davrodpin/mole/tunnel/tunnel.go:370.2,374.12 2 6
github.com/davrodpin/mole/tunnel/tunnel.go:324.21,326.3 1 1
github.com/davrodpin/mole/tunnel/tunnel.go:329.16,331.3 1 0
github.com/davrodpin/mole/tunnel/tunnel.go:334.6,335.64 1 7
github.com/davrodpin/mole/tunnel/tunnel.go:344.3,345.17 2 7
github.com/davrodpin/mole/tunnel/tunnel.go:361.3,361.8 1 6
github.com/davrodpin/mole/tunnel/tunnel.go:335.64,342.4 2 0
github.com/davrodpin/mole/tunnel/tunnel.go:345.17,351.31 2 1
github.com/davrodpin/mole/tunnel/tunnel.go:355.4,358.12 3 1
github.com/davrodpin/mole/tunnel/tunnel.go:351.31,352.10 1 0
github.com/davrodpin/mole/tunnel/tunnel.go:366.29,368.3 1 2
github.com/davrodpin/mole/tunnel/tunnel.go:377.37,379.2 1 2
github.com/davrodpin/mole/tunnel/tunnel.go:381.28,385.16 3 6
github.com/davrodpin/mole/tunnel/tunnel.go:390.2,391.16 2 6
github.com/davrodpin/mole/tunnel/tunnel.go:396.2,401.53 3 6
github.com/davrodpin/mole/tunnel/tunnel.go:406.2,406.32 1 6
github.com/davrodpin/mole/tunnel/tunnel.go:385.16,388.3 2 0
github.com/davrodpin/mole/tunnel/tunnel.go:391.16,394.3 2 0
github.com/davrodpin/mole/tunnel/tunnel.go:401.53,404.3 2 6
github.com/davrodpin/mole/tunnel/tunnel.go:406.32,407.59 1 7
github.com/davrodpin/mole/tunnel/tunnel.go:407.59,411.8 3 7
github.com/davrodpin/mole/tunnel/tunnel.go:411.8,412.20 1 13
github.com/davrodpin/mole/tunnel/tunnel.go:421.5,422.19 2 13
github.com/davrodpin/mole/tunnel/tunnel.go:412.20,419.6 2 7
github.com/davrodpin/mole/tunnel/tunnel.go:422.19,425.6 2 1
github.com/davrodpin/mole/tunnel/tunnel.go:432.30,437.6 3 6
github.com/davrodpin/mole/tunnel/tunnel.go:437.6,438.10 1 6
github.com/davrodpin/mole/tunnel/tunnel.go:439.19,441.18 2 0
github.com/davrodpin/mole/tunnel/tunnel.go:444.26,446.10 2 6
github.com/davrodpin/mole/tunnel/tunnel.go:441.18,443.5 1 0
github.com/davrodpin/mole/tunnel/tunnel.go:451.64,455.16 3 6
github.com/davrodpin/mole/tunnel/tunnel.go:458.2,460.27 2 6
github.com/davrodpin/mole/tunnel/tunnel.go:472.2,473.16 2 6
github.com/davrodpin/mole/tunnel/tunnel.go:477.2,484.8 1 6
github.com/davrodpin/mole/tunnel/tunnel.go:455.16,457.3 1 0
github.com/davrodpin/mole/tunnel/tunnel.go:460.27,461.53 1 0
github.com/davrodpin/mole/tunnel/tunnel.go:461.53,463.18 2 0
github.com/davrodpin/mole/tunnel/tunnel.go:466.4,466.46 1 0
github.com/davrodpin/mole/tunnel/tunnel.go:463.18,465.5 1 0
github.com/davrodpin/mole/tunnel/tunnel.go:467.9,469.4 1 0
github.com/davrodpin/mole/tunnel/tunnel.go:473.16,475.3 1 0
github.com/davrodpin/mole/tunnel/tunnel.go:487.40,489.16 2 12
github.com/davrodpin/mole/tunnel/tunnel.go:489.16,491.3 1 1
github.com/davrodpin/mole/tunnel/tunnel.go:494.57,497.16 3 0
github.com/davrodpin/mole/tunnel/tunnel.go:500.2,501.25 2 0
github.com/davrodpin/mole/tunnel/tunnel.go:497.16,499.3 1 0
github.com/davrodpin/mole/tunnel/tunnel.go:504.69,507.14 2 6
github.com/davrodpin/mole/tunnel/tunnel.go:527.2,527.17 1 6
github.com/davrodpin/mole/tunnel/tunnel.go:507.14,508.73 1 2
github.com/davrodpin/mole/tunnel/tunnel.go:508.73,510.4 1 2
github.com/davrodpin/mole/tunnel/tunnel.go:511.8,514.17 3 4
github.com/davrodpin/mole/tunnel/tunnel.go:518.3,522.17 4 4
github.com/davrodpin/mole/tunnel/tunnel.go:514.17,516.4 1 0
github.com/davrodpin/mole/tunnel/tunnel.go:522.17,524.4 1 0
github.com/davrodpin/mole/tunnel/tunnel.go:530.53,531.21 1 50
github.com/davrodpin/mole/tunnel/tunnel.go:535.2,535.19 1 31
github.com/davrodpin/mole/tunnel/tunnel.go:531.21,533.3 1 19
github.com/davrodpin/mole/tunnel/tunnel.go:538.43,539.37 1 34
github.com/davrodpin/mole/tunnel/tunnel.go:543.2,543.16 1 21
github.com/davrodpin/mole/tunnel/tunnel.go:539.37,541.3 1 13
github.com/davrodpin/mole/tunnel/tunnel.go:546.124,549.47 1 12
github.com/davrodpin/mole/tunnel/tunnel.go:591.2,591.30 1 11
github.com/davrodpin/mole/tunnel/tunnel.go:595.2,595.35 1 11
github.com/davrodpin/mole/tunnel/tunnel.go:599.2,600.32 2 11
github.com/davrodpin/mole/tunnel/tunnel.go:604.2,604.22 1 11
github.com/davrodpin/mole/tunnel/tunnel.go:549.47,551.17 2 1
github.com/davrodpin/mole/tunnel/tunnel.go:555.3,556.40 2 1
github.com/davrodpin/mole/tunnel/tunnel.go:551.17,553.4 1 0
github.com/davrodpin/mole/tunnel/tunnel.go:557.8,562.20 3 11
github.com/davrodpin/mole/tunnel/tunnel.go:562.20,565.18 1 2
github.com/davrodpin/mole/tunnel/tunnel.go:569.4,569.28 1 1
github.com/davrodpin/mole/tunnel/tunnel.go:565.18,567.5 1 1
github.com/davrodpin/mole/tunnel/tunnel.go:570.9,570.27 1 9
github.com/davrodpin/mole/tunnel/tunnel.go:570.27,575.31 2 2
github.com/davrodpin/mole/tunnel/tunnel.go:587.4,587.15 1 2
github.com/davrodpin/mole/tunnel/tunnel.go:575.31,576.18 1 3
github.com/davrodpin/mole/tunnel/tunnel.go:576.18,577.25 1 1
github.com/davrodpin/mole/tunnel/tunnel.go:577.25,579.7 1 1
github.com/davrodpin/mole/tunnel/tunnel.go:579.12,581.7 1 0
github.com/davrodpin/mole/tunnel/tunnel.go:582.11,584.6 1 2
github.com/davrodpin/mole/tunnel/tunnel.go:591.30,593.3 1 14
github.com/davrodpin/mole/tunnel/tunnel.go:595.35,597.3 1 14
github.com/davrodpin/mole/tunnel/tunnel.go:600.32,602.3 1 14
github.com/davrodpin/mole/tunnel/tunnel.go:607.89,611.16 3 1
github.com/davrodpin/mole/tunnel/tunnel.go:615.2,617.28 2 1
github.com/davrodpin/mole/tunnel/tunnel.go:625.2,625.14 1 1
github.com/davrodpin/mole/tunnel/tunnel.go:629.2,629.15 1 1
github.com/davrodpin/mole/tunnel/tunnel.go:611.16,613.3 1 0
github.com/davrodpin/mole/tunnel/tunnel.go:617.28,619.3 1 1
github.com/davrodpin/mole/tunnel/tunnel.go:619.8,619.36 1 0
github.com/davrodpin/mole/tunnel/tunnel.go:619.36,621.3 1 0
github.com/davrodpin/mole/tunnel/tunnel.go:621.8,623.3 1 0
github.com/davrodpin/mole/tunnel/tunnel.go:625.14,627.3 1 0
